2024-08-05 17:50:24,321 INFO: App startup [in /home/alex/Documents/phase5/Travel-Agency/server/app.py:41]
2024-08-05 17:50:59,119 INFO: App startup [in /home/alex/Documents/phase5/Travel-Agency/server/app.py:41]
2024-08-05 17:52:29,154 INFO: App startup [in /home/alex/Documents/phase5/Travel-Agency/server/app.py:41]
2024-08-05 17:52:32,163 INFO: App startup [in /home/alex/Documents/phase5/Travel-Agency/server/app.py:41]
2024-08-05 17:52:54,895 INFO: App startup [in /home/alex/Documents/phase5/Travel-Agency/server/app.py:41]
2024-08-05 17:53:28,003 INFO: App startup [in /home/alex/Documents/phase5/Travel-Agency/server/app.py:41]
2024-08-05 17:53:53,345 INFO: App startup [in /home/alex/Documents/phase5/Travel-Agency/server/app.py:41]
2024-08-05 17:53:58,190 INFO: App startup [in /home/alex/Documents/phase5/Travel-Agency/server/app.py:41]
2024-08-05 17:54:26,827 INFO: App startup [in /home/alex/Documents/phase5/Travel-Agency/server/app.py:41]
2024-08-05 17:54:49,292 INFO: App startup [in /home/alex/Documents/phase5/Travel-Agency/server/app.py:41]
2024-08-05 17:55:19,846 INFO: App startup [in /home/alex/Documents/phase5/Travel-Agency/server/app.py:41]
2024-08-05 17:55:45,624 INFO: App startup [in /home/alex/Documents/phase5/Travel-Agency/server/app.py:41]
2024-08-05 17:57:11,183 INFO: App startup [in /home/alex/Documents/phase5/Travel-Agency/server/app.py:41]
2024-08-05 17:57:42,887 INFO: App startup [in /home/alex/Documents/phase5/Travel-Agency/server/app.py:41]
2024-08-05 17:58:15,617 INFO: App startup [in /home/alex/Documents/phase5/Travel-Agency/server/app.py:41]
2024-08-05 17:58:37,260 INFO: App startup [in /home/alex/Documents/phase5/Travel-Agency/server/app.py:41]
2024-08-05 17:59:04,687 INFO: App startup [in /home/alex/Documents/phase5/Travel-Agency/server/app.py:41]
2024-08-05 17:59:33,206 INFO: App startup [in /home/alex/Documents/phase5/Travel-Agency/server/app.py:41]
2024-08-05 18:00:17,013 INFO: App startup [in /home/alex/Documents/phase5/Travel-Agency/server/app.py:41]
2024-08-05 18:01:17,000 INFO: App startup [in /home/alex/Documents/phase5/Travel-Agency/server/app.py:41]
2024-08-05 18:01:44,641 INFO: App startup [in /home/alex/Documents/phase5/Travel-Agency/server/app.py:41]
2024-08-05 18:07:43,281 INFO: App startup [in /home/alex/Documents/phase5/Travel-Agency/server/app.py:41]
2024-08-05 18:08:07,777 INFO: App startup [in /home/alex/Documents/phase5/Travel-Agency/server/app.py:41]
2024-08-05 18:08:11,073 INFO: App startup [in /home/alex/Documents/phase5/Travel-Agency/server/app.py:41]
2024-08-05 18:08:13,346 INFO: App startup [in /home/alex/Documents/phase5/Travel-Agency/server/app.py:41]
2024-08-05 18:13:32,159 INFO: App startup [in /home/alex/Documents/phase5/Travel-Agency/server/app.py:41]
2024-08-05 18:14:14,698 INFO: App startup [in /home/alex/Documents/phase5/Travel-Agency/server/app.py:41]
2024-08-05 18:14:15,653 INFO: App startup [in /home/alex/Documents/phase5/Travel-Agency/server/app.py:41]
2024-08-05 18:14:51,440 INFO: App startup [in /home/alex/Documents/phase5/Travel-Agency/server/app.py:41]
2024-08-05 18:14:53,516 INFO: App startup [in /home/alex/Documents/phase5/Travel-Agency/server/app.py:41]
2024-08-05 18:15:33,296 INFO: App startup [in /home/alex/Documents/phase5/Travel-Agency/server/app.py:41]
2024-08-05 18:15:58,956 INFO: App startup [in /home/alex/Documents/phase5/Travel-Agency/server/app.py:41]
2024-08-05 18:16:29,592 INFO: App startup [in /home/alex/Documents/phase5/Travel-Agency/server/app.py:41]
2024-08-05 18:17:19,511 INFO: App startup [in /home/alex/Documents/phase5/Travel-Agency/server/app.py:41]
2024-08-05 18:17:32,827 INFO: App startup [in /home/alex/Documents/phase5/Travel-Agency/server/app.py:41]
2024-08-05 18:17:56,231 INFO: App startup [in /home/alex/Documents/phase5/Travel-Agency/server/app.py:41]
2024-08-05 18:18:06,545 INFO: App startup [in /home/alex/Documents/phase5/Travel-Agency/server/app.py:41]
2024-08-05 18:22:51,551 INFO: App startup [in /home/alex/Documents/phase5/Travel-Agency/server/app.py:41]
2024-08-05 18:22:54,691 INFO: App startup [in /home/alex/Documents/phase5/Travel-Agency/server/app.py:41]
2024-08-05 18:24:21,277 INFO: App startup [in /home/alex/Documents/phase5/Travel-Agency/server/app.py:41]
2024-08-05 18:24:23,627 INFO: App startup [in /home/alex/Documents/phase5/Travel-Agency/server/app.py:41]
2024-08-05 18:24:33,021 INFO: App startup [in /home/alex/Documents/phase5/Travel-Agency/server/app.py:41]
2024-08-05 18:24:35,424 INFO: App startup [in /home/alex/Documents/phase5/Travel-Agency/server/app.py:41]
2024-08-05 18:35:14,352 INFO: App startup [in /home/alex/Documents/phase5/Travel-Agency/server/app.py:41]
2024-08-05 18:35:15,468 INFO: App startup [in /home/alex/Documents/phase5/Travel-Agency/server/app.py:41]
2024-08-05 18:45:07,286 INFO: App startup [in /home/alex/Documents/phase5/Travel-Agency/server/app.py:41]
2024-08-05 18:45:12,798 INFO: App startup [in /home/alex/Documents/phase5/Travel-Agency/server/app.py:41]
2024-08-05 18:46:29,677 INFO: App startup [in /home/alex/Documents/phase5/Travel-Agency/server/app.py:41]
2024-08-05 19:43:30,140 INFO: App startup [in app.py:45]
2024-08-05 19:43:30,970 INFO: App startup [in /home/noah/Documents/Phase5Project/Travel-Agency/server/app.py:45]
2024-08-05 19:48:27,199 INFO: Index page accessed [in /home/noah/Documents/Phase5Project/Travel-Agency/server/app.py:50]
2024-08-05 19:48:28,387 INFO: Index page accessed [in /home/noah/Documents/Phase5Project/Travel-Agency/server/app.py:50]
2024-08-05 19:48:32,321 INFO: Fetched all users [in /home/noah/Documents/Phase5Project/Travel-Agency/server/app.py:107]
2024-08-05 22:47:40,595 INFO: App startup [in /home/noah/Documents/Phase5Project/Travel-Agency/server/app.py:46]
2024-08-05 22:48:29,772 INFO: App startup [in /home/noah/Documents/Phase5Project/Travel-Agency/server/app.py:46]
2024-08-05 22:48:51,561 INFO: Index page accessed [in /home/noah/Documents/Phase5Project/Travel-Agency/server/app.py:51]
2024-08-05 22:48:52,965 INFO: Index page accessed [in /home/noah/Documents/Phase5Project/Travel-Agency/server/app.py:51]
2024-08-05 22:48:53,406 INFO: Index page accessed [in /home/noah/Documents/Phase5Project/Travel-Agency/server/app.py:51]
2024-08-05 22:48:53,739 INFO: Index page accessed [in /home/noah/Documents/Phase5Project/Travel-Agency/server/app.py:51]
2024-08-05 22:48:59,714 INFO: Fetched all users [in /home/noah/Documents/Phase5Project/Travel-Agency/server/app.py:108]
2024-08-05 22:50:58,360 INFO: User Alice@gmail.com fetched [in /home/noah/Documents/Phase5Project/Travel-Agency/server/app.py:118]
2024-08-05 22:51:57,303 INFO: App startup [in /home/noah/Documents/Phase5Project/Travel-Agency/server/app.py:46]
2024-08-05 22:52:14,223 INFO: Index page accessed [in /home/noah/Documents/Phase5Project/Travel-Agency/server/app.py:51]
2024-08-05 22:52:15,625 INFO: Index page accessed [in /home/noah/Documents/Phase5Project/Travel-Agency/server/app.py:51]
2024-08-05 22:54:26,228 INFO: App startup [in /home/noah/Documents/Phase5Project/Travel-Agency/server/app.py:46]
2024-08-06 09:15:57,259 INFO: App startup [in app.py:46]
2024-08-06 09:15:58,573 INFO: App startup [in /home/noah/Documents/Phase5Project/Travel-Agency/server/app.py:46]
2024-08-06 09:16:03,991 INFO: Index page accessed [in /home/noah/Documents/Phase5Project/Travel-Agency/server/app.py:51]
2024-08-06 09:39:19,870 INFO: Index page accessed [in /home/noah/Documents/Phase5Project/Travel-Agency/server/app.py:51]
2024-08-06 09:39:23,862 INFO: Fetched all users [in /home/noah/Documents/Phase5Project/Travel-Agency/server/app.py:108]
2024-08-06 09:40:10,238 INFO: Fetched all users [in /home/noah/Documents/Phase5Project/Travel-Agency/server/app.py:108]
2024-08-06 09:41:27,626 INFO: User Alice@gmail.com logged in successfully [in /home/noah/Documents/Phase5Project/Travel-Agency/server/app.py:63]
2024-08-06 09:42:21,607 INFO: Fetched all bookings [in /home/noah/Documents/Phase5Project/Travel-Agency/server/app.py:309]
2024-08-06 09:42:52,921 INFO: Fetched all itineraries [in /home/noah/Documents/Phase5Project/Travel-Agency/server/app.py:183]
2024-08-06 09:43:02,561 INFO: Itinerary Nairobi Safari Adventure fetched [in /home/noah/Documents/Phase5Project/Travel-Agency/server/app.py:235]
2024-08-06 09:43:30,193 INFO: Itinerary Beach Getaway in Mombasa fetched [in /home/noah/Documents/Phase5Project/Travel-Agency/server/app.py:235]
2024-08-06 09:45:31,956 INFO: Fetched all users [in /home/noah/Documents/Phase5Project/Travel-Agency/server/app.py:108]
2024-08-06 09:45:36,647 INFO: User Alice@gmail.com fetched [in /home/noah/Documents/Phase5Project/Travel-Agency/server/app.py:118]
2024-08-06 09:46:29,448 INFO: User Alice@gmail.com updated successfully [in /home/noah/Documents/Phase5Project/Travel-Agency/server/app.py:135]
2024-08-06 10:10:07,391 INFO: App startup [in /home/noah/Documents/Phase5Project/Travel-Agency/server/app.py:46]
2024-08-06 10:11:08,617 INFO: Index page accessed [in /home/noah/Documents/Phase5Project/Travel-Agency/server/app.py:51]
2024-08-06 10:11:10,477 INFO: Index page accessed [in /home/noah/Documents/Phase5Project/Travel-Agency/server/app.py:51]
2024-08-06 10:11:16,053 INFO: Fetched all users [in /home/noah/Documents/Phase5Project/Travel-Agency/server/app.py:108]
2024-08-06 10:11:46,993 INFO: App startup [in /home/noah/Documents/Phase5Project/Travel-Agency/server/app.py:46]
2024-08-06 11:07:32,601 INFO: App startup [in /home/noah/Documents/Phase5Project/Travel-Agency/server/app.py:46]
