2024-08-05 17:50:24,321 INFO: App startup [in /home/alex/Documents/phase5/Travel-Agency/server/app.py:41]
2024-08-05 17:50:59,119 INFO: App startup [in /home/alex/Documents/phase5/Travel-Agency/server/app.py:41]
2024-08-05 17:52:29,154 INFO: App startup [in /home/alex/Documents/phase5/Travel-Agency/server/app.py:41]
2024-08-05 17:52:32,163 INFO: App startup [in /home/alex/Documents/phase5/Travel-Agency/server/app.py:41]
2024-08-05 17:52:54,895 INFO: App startup [in /home/alex/Documents/phase5/Travel-Agency/server/app.py:41]
2024-08-05 17:53:28,003 INFO: App startup [in /home/alex/Documents/phase5/Travel-Agency/server/app.py:41]
2024-08-05 17:53:53,345 INFO: App startup [in /home/alex/Documents/phase5/Travel-Agency/server/app.py:41]
2024-08-05 17:53:58,190 INFO: App startup [in /home/alex/Documents/phase5/Travel-Agency/server/app.py:41]
2024-08-05 17:54:26,827 INFO: App startup [in /home/alex/Documents/phase5/Travel-Agency/server/app.py:41]
2024-08-05 17:54:49,292 INFO: App startup [in /home/alex/Documents/phase5/Travel-Agency/server/app.py:41]
2024-08-05 17:55:19,846 INFO: App startup [in /home/alex/Documents/phase5/Travel-Agency/server/app.py:41]
2024-08-05 17:55:45,624 INFO: App startup [in /home/alex/Documents/phase5/Travel-Agency/server/app.py:41]
2024-08-05 17:57:11,183 INFO: App startup [in /home/alex/Documents/phase5/Travel-Agency/server/app.py:41]
2024-08-05 17:57:42,887 INFO: App startup [in /home/alex/Documents/phase5/Travel-Agency/server/app.py:41]
2024-08-05 17:58:15,617 INFO: App startup [in /home/alex/Documents/phase5/Travel-Agency/server/app.py:41]
2024-08-05 17:58:37,260 INFO: App startup [in /home/alex/Documents/phase5/Travel-Agency/server/app.py:41]
2024-08-05 17:59:04,687 INFO: App startup [in /home/alex/Documents/phase5/Travel-Agency/server/app.py:41]
2024-08-05 17:59:33,206 INFO: App startup [in /home/alex/Documents/phase5/Travel-Agency/server/app.py:41]
2024-08-05 18:00:17,013 INFO: App startup [in /home/alex/Documents/phase5/Travel-Agency/server/app.py:41]
2024-08-05 18:01:17,000 INFO: App startup [in /home/alex/Documents/phase5/Travel-Agency/server/app.py:41]
2024-08-05 18:01:44,641 INFO: App startup [in /home/alex/Documents/phase5/Travel-Agency/server/app.py:41]
2024-08-05 18:07:43,281 INFO: App startup [in /home/alex/Documents/phase5/Travel-Agency/server/app.py:41]
2024-08-05 18:08:07,777 INFO: App startup [in /home/alex/Documents/phase5/Travel-Agency/server/app.py:41]
2024-08-05 18:08:11,073 INFO: App startup [in /home/alex/Documents/phase5/Travel-Agency/server/app.py:41]
2024-08-05 18:08:13,346 INFO: App startup [in /home/alex/Documents/phase5/Travel-Agency/server/app.py:41]
2024-08-05 18:13:32,159 INFO: App startup [in /home/alex/Documents/phase5/Travel-Agency/server/app.py:41]
2024-08-05 18:14:14,698 INFO: App startup [in /home/alex/Documents/phase5/Travel-Agency/server/app.py:41]
2024-08-05 18:14:15,653 INFO: App startup [in /home/alex/Documents/phase5/Travel-Agency/server/app.py:41]
2024-08-05 18:14:51,440 INFO: App startup [in /home/alex/Documents/phase5/Travel-Agency/server/app.py:41]
2024-08-05 18:14:53,516 INFO: App startup [in /home/alex/Documents/phase5/Travel-Agency/server/app.py:41]
2024-08-05 18:15:33,296 INFO: App startup [in /home/alex/Documents/phase5/Travel-Agency/server/app.py:41]
2024-08-05 18:15:58,956 INFO: App startup [in /home/alex/Documents/phase5/Travel-Agency/server/app.py:41]
2024-08-05 18:16:29,592 INFO: App startup [in /home/alex/Documents/phase5/Travel-Agency/server/app.py:41]
2024-08-05 18:17:19,511 INFO: App startup [in /home/alex/Documents/phase5/Travel-Agency/server/app.py:41]
2024-08-05 18:17:32,827 INFO: App startup [in /home/alex/Documents/phase5/Travel-Agency/server/app.py:41]
2024-08-05 18:17:56,231 INFO: App startup [in /home/alex/Documents/phase5/Travel-Agency/server/app.py:41]
2024-08-05 18:18:06,545 INFO: App startup [in /home/alex/Documents/phase5/Travel-Agency/server/app.py:41]
2024-08-05 18:22:51,551 INFO: App startup [in /home/alex/Documents/phase5/Travel-Agency/server/app.py:41]
2024-08-05 18:22:54,691 INFO: App startup [in /home/alex/Documents/phase5/Travel-Agency/server/app.py:41]
2024-08-05 18:24:21,277 INFO: App startup [in /home/alex/Documents/phase5/Travel-Agency/server/app.py:41]
2024-08-05 18:24:23,627 INFO: App startup [in /home/alex/Documents/phase5/Travel-Agency/server/app.py:41]
2024-08-05 18:24:33,021 INFO: App startup [in /home/alex/Documents/phase5/Travel-Agency/server/app.py:41]
2024-08-05 18:24:35,424 INFO: App startup [in /home/alex/Documents/phase5/Travel-Agency/server/app.py:41]
2024-08-05 18:35:14,352 INFO: App startup [in /home/alex/Documents/phase5/Travel-Agency/server/app.py:41]
2024-08-05 18:35:15,468 INFO: App startup [in /home/alex/Documents/phase5/Travel-Agency/server/app.py:41]
2024-08-05 18:45:07,286 INFO: App startup [in /home/alex/Documents/phase5/Travel-Agency/server/app.py:41]
2024-08-05 18:45:12,798 INFO: App startup [in /home/alex/Documents/phase5/Travel-Agency/server/app.py:41]
2024-08-05 18:46:29,677 INFO: App startup [in /home/alex/Documents/phase5/Travel-Agency/server/app.py:41]
2024-08-05 19:43:30,140 INFO: App startup [in app.py:45]
2024-08-05 19:43:30,970 INFO: App startup [in /home/noah/Documents/Phase5Project/Travel-Agency/server/app.py:45]
2024-08-05 19:48:27,199 INFO: Index page accessed [in /home/noah/Documents/Phase5Project/Travel-Agency/server/app.py:50]
2024-08-05 19:48:28,387 INFO: Index page accessed [in /home/noah/Documents/Phase5Project/Travel-Agency/server/app.py:50]
2024-08-05 19:48:32,321 INFO: Fetched all users [in /home/noah/Documents/Phase5Project/Travel-Agency/server/app.py:107]
2024-08-05 22:47:40,595 INFO: App startup [in /home/noah/Documents/Phase5Project/Travel-Agency/server/app.py:46]
2024-08-05 22:48:29,772 INFO: App startup [in /home/noah/Documents/Phase5Project/Travel-Agency/server/app.py:46]
2024-08-05 22:48:51,561 INFO: Index page accessed [in /home/noah/Documents/Phase5Project/Travel-Agency/server/app.py:51]
2024-08-05 22:48:52,965 INFO: Index page accessed [in /home/noah/Documents/Phase5Project/Travel-Agency/server/app.py:51]
2024-08-05 22:48:53,406 INFO: Index page accessed [in /home/noah/Documents/Phase5Project/Travel-Agency/server/app.py:51]
2024-08-05 22:48:53,739 INFO: Index page accessed [in /home/noah/Documents/Phase5Project/Travel-Agency/server/app.py:51]
2024-08-05 22:48:59,714 INFO: Fetched all users [in /home/noah/Documents/Phase5Project/Travel-Agency/server/app.py:108]
2024-08-05 22:50:58,360 INFO: User Alice@gmail.com fetched [in /home/noah/Documents/Phase5Project/Travel-Agency/server/app.py:118]
2024-08-05 22:51:57,303 INFO: App startup [in /home/noah/Documents/Phase5Project/Travel-Agency/server/app.py:46]
2024-08-05 22:52:14,223 INFO: Index page accessed [in /home/noah/Documents/Phase5Project/Travel-Agency/server/app.py:51]
2024-08-05 22:52:15,625 INFO: Index page accessed [in /home/noah/Documents/Phase5Project/Travel-Agency/server/app.py:51]
2024-08-05 22:54:26,228 INFO: App startup [in /home/noah/Documents/Phase5Project/Travel-Agency/server/app.py:46]
2024-08-06 09:15:57,259 INFO: App startup [in app.py:46]
2024-08-06 09:15:58,573 INFO: App startup [in /home/noah/Documents/Phase5Project/Travel-Agency/server/app.py:46]
2024-08-06 09:16:03,991 INFO: Index page accessed [in /home/noah/Documents/Phase5Project/Travel-Agency/server/app.py:51]
2024-08-06 09:39:19,870 INFO: Index page accessed [in /home/noah/Documents/Phase5Project/Travel-Agency/server/app.py:51]
2024-08-06 09:39:23,862 INFO: Fetched all users [in /home/noah/Documents/Phase5Project/Travel-Agency/server/app.py:108]
2024-08-06 09:40:10,238 INFO: Fetched all users [in /home/noah/Documents/Phase5Project/Travel-Agency/server/app.py:108]
2024-08-06 09:41:27,626 INFO: User Alice@gmail.com logged in successfully [in /home/noah/Documents/Phase5Project/Travel-Agency/server/app.py:63]
2024-08-06 09:42:21,607 INFO: Fetched all bookings [in /home/noah/Documents/Phase5Project/Travel-Agency/server/app.py:309]
2024-08-06 09:42:52,921 INFO: Fetched all itineraries [in /home/noah/Documents/Phase5Project/Travel-Agency/server/app.py:183]
2024-08-06 09:43:02,561 INFO: Itinerary Nairobi Safari Adventure fetched [in /home/noah/Documents/Phase5Project/Travel-Agency/server/app.py:235]
2024-08-06 09:43:30,193 INFO: Itinerary Beach Getaway in Mombasa fetched [in /home/noah/Documents/Phase5Project/Travel-Agency/server/app.py:235]
2024-08-06 09:45:31,956 INFO: Fetched all users [in /home/noah/Documents/Phase5Project/Travel-Agency/server/app.py:108]
2024-08-06 09:45:36,647 INFO: User Alice@gmail.com fetched [in /home/noah/Documents/Phase5Project/Travel-Agency/server/app.py:118]
2024-08-06 09:46:29,448 INFO: User Alice@gmail.com updated successfully [in /home/noah/Documents/Phase5Project/Travel-Agency/server/app.py:135]
2024-08-06 10:10:07,391 INFO: App startup [in /home/noah/Documents/Phase5Project/Travel-Agency/server/app.py:46]
2024-08-06 10:11:08,617 INFO: Index page accessed [in /home/noah/Documents/Phase5Project/Travel-Agency/server/app.py:51]
2024-08-06 10:11:10,477 INFO: Index page accessed [in /home/noah/Documents/Phase5Project/Travel-Agency/server/app.py:51]
2024-08-06 10:11:16,053 INFO: Fetched all users [in /home/noah/Documents/Phase5Project/Travel-Agency/server/app.py:108]
2024-08-06 10:11:46,993 INFO: App startup [in /home/noah/Documents/Phase5Project/Travel-Agency/server/app.py:46]
2024-08-06 11:07:32,601 INFO: App startup [in /home/noah/Documents/Phase5Project/Travel-Agency/server/app.py:46]
2024-08-06 12:12:56,695 INFO: App startup [in /home/tracy/Development/code/phase-5/Travel-Agency/server/app.py:46]
2024-08-06 12:12:57,118 INFO: App startup [in /home/tracy/Development/code/phase-5/Travel-Agency/server/app.py:46]
2024-08-06 12:17:58,384 WARNING: Failed login attempt for alice@example.com [in /home/tracy/Development/code/phase-5/Travel-Agency/server/app.py:67]
2024-08-06 12:21:01,935 WARNING: Failed login attempt for alice@example.com [in /home/tracy/Development/code/phase-5/Travel-Agency/server/app.py:67]
2024-08-07 10:07:04,723 INFO: App startup [in /home/tracy/Development/code/phase-5/Travel-Agency/server/app.py:46]
2024-08-07 10:09:50,666 INFO: App startup [in /home/tracy/Development/code/phase-5/Travel-Agency/server/app.py:46]
2024-08-07 10:09:51,012 INFO: App startup [in /home/tracy/Development/code/phase-5/Travel-Agency/server/app.py:46]
2024-08-07 10:11:36,000 WARNING: Failed login attempt for Alice@gmail.com [in /home/tracy/Development/code/phase-5/Travel-Agency/server/app.py:67]
2024-08-07 10:29:02,750 INFO: App startup [in /home/tracy/Development/code/phase-5/Travel-Agency/server/app.py:46]
2024-08-07 13:07:42,725 INFO: App startup [in /home/tracy/Development/code/phase-5/Travel-Agency/server/app.py:46]
2024-08-07 13:07:43,080 INFO: App startup [in /home/tracy/Development/code/phase-5/Travel-Agency/server/app.py:46]
2024-08-07 13:08:28,872 INFO: App startup [in /home/tracy/Development/code/phase-5/Travel-Agency/server/app.py:46]
2024-08-07 13:08:29,257 INFO: App startup [in /home/tracy/Development/code/phase-5/Travel-Agency/server/app.py:46]
2024-08-07 13:15:50,957 WARNING: Failed login attempt for Alice@gmail.com [in /home/tracy/Development/code/phase-5/Travel-Agency/server/app.py:67]
2024-08-07 13:16:15,315 WARNING: Failed login attempt for Bob@gmail.com [in /home/tracy/Development/code/phase-5/Travel-Agency/server/app.py:67]
2024-08-07 13:16:30,757 WARNING: Failed login attempt for Charlie@gmail.com [in /home/tracy/Development/code/phase-5/Travel-Agency/server/app.py:67]
2024-08-07 13:18:39,056 WARNING: Failed login attempt for charlie@gmail.com [in /home/tracy/Development/code/phase-5/Travel-Agency/server/app.py:67]
2024-08-07 13:19:03,611 WARNING: Failed login attempt for alice@example.com [in /home/tracy/Development/code/phase-5/Travel-Agency/server/app.py:67]
2024-08-07 13:20:03,564 WARNING: Failed login attempt for David@example.com [in /home/tracy/Development/code/phase-5/Travel-Agency/server/app.py:67]
2024-08-07 13:20:04,788 WARNING: Failed login attempt for David@example.com [in /home/tracy/Development/code/phase-5/Travel-Agency/server/app.py:67]
2024-08-07 13:22:36,896 WARNING: Failed login attempt for David@example.com [in /home/tracy/Development/code/phase-5/Travel-Agency/server/app.py:67]
2024-08-07 13:24:36,295 WARNING: Failed login attempt for David@example.com [in /home/tracy/Development/code/phase-5/Travel-Agency/server/app.py:67]
2024-08-07 13:25:01,523 WARNING: Failed login attempt for David@gmail.com [in /home/tracy/Development/code/phase-5/Travel-Agency/server/app.py:67]
2024-08-07 13:29:18,192 WARNING: Failed login attempt for David@gmail.com [in /home/tracy/Development/code/phase-5/Travel-Agency/server/app.py:67]
2024-08-07 15:47:10,200 INFO: App startup [in /home/tracy/Development/code/phase-5/Travel-Agency/server/app.py:46]
2024-08-07 15:47:10,644 INFO: App startup [in /home/tracy/Development/code/phase-5/Travel-Agency/server/app.py:46]
2024-08-07 15:48:17,030 INFO: User Alice@gmail.com logged in successfully [in /home/tracy/Development/code/phase-5/Travel-Agency/server/app.py:63]
2024-08-07 15:50:03,779 INFO: Fetched all bookings [in /home/tracy/Development/code/phase-5/Travel-Agency/server/app.py:309]
2024-08-07 15:50:49,575 INFO: User Alice@gmail.com logged in successfully [in /home/tracy/Development/code/phase-5/Travel-Agency/server/app.py:63]
2024-08-07 15:53:43,597 INFO: User Alice@gmail.com logged in successfully [in /home/tracy/Development/code/phase-5/Travel-Agency/server/app.py:63]
2024-08-07 15:53:47,942 INFO: Fetched all bookings [in /home/tracy/Development/code/phase-5/Travel-Agency/server/app.py:309]
2024-08-07 15:54:53,766 INFO: Fetched all itineraries [in /home/tracy/Development/code/phase-5/Travel-Agency/server/app.py:183]
2024-08-07 15:55:32,398 INFO: Fetched all itineraries [in /home/tracy/Development/code/phase-5/Travel-Agency/server/app.py:183]
2024-08-07 15:55:35,302 INFO: Fetched all bookings [in /home/tracy/Development/code/phase-5/Travel-Agency/server/app.py:309]
2024-08-07 15:55:36,419 INFO: Fetched all itineraries [in /home/tracy/Development/code/phase-5/Travel-Agency/server/app.py:183]
2024-08-07 15:56:19,933 INFO: Fetched all itineraries [in /home/tracy/Development/code/phase-5/Travel-Agency/server/app.py:183]
2024-08-07 15:56:22,572 INFO: Fetched all bookings [in /home/tracy/Development/code/phase-5/Travel-Agency/server/app.py:309]
2024-08-07 15:56:23,520 INFO: Fetched all itineraries [in /home/tracy/Development/code/phase-5/Travel-Agency/server/app.py:183]
2024-08-07 15:56:53,481 INFO: Fetched all bookings [in /home/tracy/Development/code/phase-5/Travel-Agency/server/app.py:309]
2024-08-07 15:57:05,939 INFO: Fetched all itineraries [in /home/tracy/Development/code/phase-5/Travel-Agency/server/app.py:183]
2024-08-07 15:57:17,170 INFO: Fetched all itineraries [in /home/tracy/Development/code/phase-5/Travel-Agency/server/app.py:183]
2024-08-07 15:57:54,980 INFO: Fetched all itineraries [in /home/tracy/Development/code/phase-5/Travel-Agency/server/app.py:183]
2024-08-07 15:59:11,667 INFO: Fetched all itineraries [in /home/tracy/Development/code/phase-5/Travel-Agency/server/app.py:183]
2024-08-07 15:59:19,176 INFO: Fetched all itineraries [in /home/tracy/Development/code/phase-5/Travel-Agency/server/app.py:183]
2024-08-07 16:01:05,424 INFO: Fetched all bookings [in /home/tracy/Development/code/phase-5/Travel-Agency/server/app.py:309]
2024-08-07 16:01:11,169 INFO: Fetched all itineraries [in /home/tracy/Development/code/phase-5/Travel-Agency/server/app.py:183]
2024-08-07 16:03:58,378 INFO: User Alice@gmail.com logged in successfully [in /home/tracy/Development/code/phase-5/Travel-Agency/server/app.py:63]
2024-08-07 16:04:24,675 INFO: User Charlie@gmail.com logged in successfully [in /home/tracy/Development/code/phase-5/Travel-Agency/server/app.py:63]
2024-08-07 16:04:28,104 INFO: Fetched all itineraries [in /home/tracy/Development/code/phase-5/Travel-Agency/server/app.py:183]
2024-08-07 16:04:29,430 INFO: Fetched all bookings [in /home/tracy/Development/code/phase-5/Travel-Agency/server/app.py:309]
2024-08-07 16:04:30,940 INFO: Fetched all itineraries [in /home/tracy/Development/code/phase-5/Travel-Agency/server/app.py:183]
2024-08-07 16:11:28,154 INFO: User Alice@gmail.com logged in successfully [in /home/tracy/Development/code/phase-5/Travel-Agency/server/app.py:63]
2024-08-07 16:11:33,507 INFO: Fetched all itineraries [in /home/tracy/Development/code/phase-5/Travel-Agency/server/app.py:183]
2024-08-07 16:11:36,764 INFO: Fetched all itineraries [in /home/tracy/Development/code/phase-5/Travel-Agency/server/app.py:183]
2024-08-07 16:14:10,661 INFO: Fetched all bookings [in /home/tracy/Development/code/phase-5/Travel-Agency/server/app.py:309]
2024-08-07 16:14:13,424 INFO: Fetched all bookings [in /home/tracy/Development/code/phase-5/Travel-Agency/server/app.py:309]
2024-08-07 16:14:36,714 INFO: User Alice@gmail.com logged in successfully [in /home/tracy/Development/code/phase-5/Travel-Agency/server/app.py:63]
2024-08-07 16:15:04,158 INFO: Fetched all bookings [in /home/tracy/Development/code/phase-5/Travel-Agency/server/app.py:309]
2024-08-07 16:18:34,264 INFO: Fetched all bookings [in /home/tracy/Development/code/phase-5/Travel-Agency/server/app.py:309]
2024-08-07 16:18:45,264 INFO: Fetched all bookings [in /home/tracy/Development/code/phase-5/Travel-Agency/server/app.py:309]
2024-08-07 16:20:12,760 INFO: Fetched all bookings [in /home/tracy/Development/code/phase-5/Travel-Agency/server/app.py:309]
2024-08-07 16:22:20,027 INFO: Fetched all bookings [in /home/tracy/Development/code/phase-5/Travel-Agency/server/app.py:309]
2024-08-07 16:23:43,615 INFO: Fetched all travel journals [in /home/tracy/Development/code/phase-5/Travel-Agency/server/app.py:385]
2024-08-07 16:24:11,855 INFO: Fetched all itineraries [in /home/tracy/Development/code/phase-5/Travel-Agency/server/app.py:183]
2024-08-07 16:24:20,817 INFO: Fetched all bookings [in /home/tracy/Development/code/phase-5/Travel-Agency/server/app.py:309]
2024-08-07 16:24:24,282 INFO: Fetched all bookings [in /home/tracy/Development/code/phase-5/Travel-Agency/server/app.py:309]
2024-08-07 16:29:43,830 INFO: Fetched all itineraries [in /home/tracy/Development/code/phase-5/Travel-Agency/server/app.py:183]
2024-08-07 16:29:46,345 INFO: Fetched all bookings [in /home/tracy/Development/code/phase-5/Travel-Agency/server/app.py:309]
2024-08-07 16:29:50,668 INFO: Fetched all bookings [in /home/tracy/Development/code/phase-5/Travel-Agency/server/app.py:309]
2024-08-07 16:29:52,174 INFO: Fetched all itineraries [in /home/tracy/Development/code/phase-5/Travel-Agency/server/app.py:183]
2024-08-07 16:30:00,170 INFO: Fetched all itineraries [in /home/tracy/Development/code/phase-5/Travel-Agency/server/app.py:183]
2024-08-07 17:05:18,251 INFO: App startup [in /home/tracy/Development/code/phase-5/Travel-Agency/server/app.py:46]
2024-08-07 17:05:18,651 INFO: App startup [in /home/tracy/Development/code/phase-5/Travel-Agency/server/app.py:46]
2024-08-07 17:05:23,926 INFO: User Alice@gmail.com logged in successfully [in /home/tracy/Development/code/phase-5/Travel-Agency/server/app.py:63]
2024-08-07 17:06:22,035 INFO: Fetched all bookings [in /home/tracy/Development/code/phase-5/Travel-Agency/server/app.py:309]
2024-08-07 17:06:26,138 INFO: Fetched all itineraries [in /home/tracy/Development/code/phase-5/Travel-Agency/server/app.py:183]
2024-08-07 17:07:16,787 INFO: Fetched all itineraries [in /home/tracy/Development/code/phase-5/Travel-Agency/server/app.py:183]
2024-08-07 17:07:21,482 INFO: Fetched all itineraries [in /home/tracy/Development/code/phase-5/Travel-Agency/server/app.py:183]
2024-08-07 17:08:20,707 INFO: User Alice@gmail.com logged in successfully [in /home/tracy/Development/code/phase-5/Travel-Agency/server/app.py:63]
2024-08-07 17:08:33,933 INFO: Fetched all travel journals [in /home/tracy/Development/code/phase-5/Travel-Agency/server/app.py:385]
2024-08-07 17:09:49,160 INFO: Fetched all bookings [in /home/tracy/Development/code/phase-5/Travel-Agency/server/app.py:309]
2024-08-07 17:10:53,763 INFO: Fetched all travel journals [in /home/tracy/Development/code/phase-5/Travel-Agency/server/app.py:385]
2024-08-07 17:12:49,056 INFO: Fetched all travel journals [in /home/tracy/Development/code/phase-5/Travel-Agency/server/app.py:385]
2024-08-07 17:17:02,244 INFO: Fetched all itineraries [in /home/tracy/Development/code/phase-5/Travel-Agency/server/app.py:183]
2024-08-07 17:17:08,062 INFO: Fetched all bookings [in /home/tracy/Development/code/phase-5/Travel-Agency/server/app.py:309]
2024-08-07 17:17:10,996 INFO: Fetched all itineraries [in /home/tracy/Development/code/phase-5/Travel-Agency/server/app.py:183]
2024-08-07 17:17:12,244 INFO: Fetched all travel journals [in /home/tracy/Development/code/phase-5/Travel-Agency/server/app.py:385]
2024-08-08 09:56:41,205 INFO: App startup [in /home/tracy/Development/code/phase-5/Travel-Agency/server/app.py:46]
2024-08-08 09:56:44,663 INFO: App startup [in /home/tracy/Development/code/phase-5/Travel-Agency/server/app.py:46]
2024-08-08 10:00:52,327 INFO: User Alice@gmail.com logged in successfully [in /home/tracy/Development/code/phase-5/Travel-Agency/server/app.py:63]
2024-08-08 10:01:05,465 INFO: Fetched all travel journals [in /home/tracy/Development/code/phase-5/Travel-Agency/server/app.py:385]
2024-08-08 10:02:01,090 INFO: Travel journal A walk in Nairobi Safari walk created successfully [in /home/tracy/Development/code/phase-5/Travel-Agency/server/app.py:377]
2024-08-08 10:02:06,390 INFO: Fetched all travel journals [in /home/tracy/Development/code/phase-5/Travel-Agency/server/app.py:385]
2024-08-08 10:02:13,036 INFO: Fetched all travel journals [in /home/tracy/Development/code/phase-5/Travel-Agency/server/app.py:385]
2024-08-08 10:02:49,459 INFO: Fetched all travel journals [in /home/tracy/Development/code/phase-5/Travel-Agency/server/app.py:385]
2024-08-08 10:02:59,367 INFO: Fetched all travel journals [in /home/tracy/Development/code/phase-5/Travel-Agency/server/app.py:385]
2024-08-08 10:06:04,103 INFO: Fetched all itineraries [in /home/tracy/Development/code/phase-5/Travel-Agency/server/app.py:183]
2024-08-08 10:07:49,932 INFO: User Alice@gmail.com logged in successfully [in /home/tracy/Development/code/phase-5/Travel-Agency/server/app.py:63]
2024-08-08 10:08:27,051 INFO: Fetched all itineraries [in /home/tracy/Development/code/phase-5/Travel-Agency/server/app.py:183]
2024-08-08 10:11:57,143 INFO: Fetched all itineraries [in /home/tracy/Development/code/phase-5/Travel-Agency/server/app.py:183]
2024-08-08 10:12:19,149 INFO: Fetched all itineraries [in /home/tracy/Development/code/phase-5/Travel-Agency/server/app.py:183]
2024-08-08 10:12:22,510 INFO: Fetched all itineraries [in /home/tracy/Development/code/phase-5/Travel-Agency/server/app.py:183]
2024-08-08 10:14:28,387 INFO: Fetched all itineraries [in /home/tracy/Development/code/phase-5/Travel-Agency/server/app.py:183]
2024-08-08 10:14:34,121 INFO: Fetched all itineraries [in /home/tracy/Development/code/phase-5/Travel-Agency/server/app.py:183]
2024-08-08 10:14:37,303 INFO: Fetched all itineraries [in /home/tracy/Development/code/phase-5/Travel-Agency/server/app.py:183]
2024-08-08 10:14:41,341 INFO: Fetched all itineraries [in /home/tracy/Development/code/phase-5/Travel-Agency/server/app.py:183]
2024-08-08 10:14:45,480 INFO: Fetched all itineraries [in /home/tracy/Development/code/phase-5/Travel-Agency/server/app.py:183]
2024-08-08 10:15:01,398 INFO: Fetched all itineraries [in /home/tracy/Development/code/phase-5/Travel-Agency/server/app.py:183]
2024-08-08 10:15:04,523 INFO: Itinerary Nairobi Safari Adventure fetched [in /home/tracy/Development/code/phase-5/Travel-Agency/server/app.py:235]
2024-08-08 10:15:37,679 INFO: Itinerary Nairobi Safari Adventure fetched [in /home/tracy/Development/code/phase-5/Travel-Agency/server/app.py:235]
2024-08-08 10:15:38,664 INFO: Itinerary Nairobi Safari Adventure fetched [in /home/tracy/Development/code/phase-5/Travel-Agency/server/app.py:235]
2024-08-08 10:15:46,624 INFO: Itinerary Nairobi Safari Adventure fetched [in /home/tracy/Development/code/phase-5/Travel-Agency/server/app.py:235]
2024-08-08 10:15:51,855 INFO: Itinerary Nairobi Safari Adventure fetched [in /home/tracy/Development/code/phase-5/Travel-Agency/server/app.py:235]
2024-08-08 10:16:05,061 INFO: Itinerary Nairobi Safari Adventure fetched [in /home/tracy/Development/code/phase-5/Travel-Agency/server/app.py:235]
2024-08-08 10:16:12,438 INFO: Itinerary Nairobi Safari Adventure fetched [in /home/tracy/Development/code/phase-5/Travel-Agency/server/app.py:235]
2024-08-08 10:16:20,595 INFO: Itinerary Nairobi Safari Adventure fetched [in /home/tracy/Development/code/phase-5/Travel-Agency/server/app.py:235]
2024-08-08 10:16:22,830 INFO: Itinerary Nairobi Safari Adventure fetched [in /home/tracy/Development/code/phase-5/Travel-Agency/server/app.py:235]
2024-08-08 10:16:34,926 INFO: Itinerary Nairobi Safari Adventure fetched [in /home/tracy/Development/code/phase-5/Travel-Agency/server/app.py:235]
2024-08-08 10:16:37,023 INFO: Itinerary Nairobi Safari Adventure fetched [in /home/tracy/Development/code/phase-5/Travel-Agency/server/app.py:235]
2024-08-08 10:16:42,716 INFO: Itinerary Nairobi Safari Adventure fetched [in /home/tracy/Development/code/phase-5/Travel-Agency/server/app.py:235]
2024-08-08 10:16:49,376 INFO: Itinerary Nairobi Safari Adventure fetched [in /home/tracy/Development/code/phase-5/Travel-Agency/server/app.py:235]
2024-08-08 10:16:55,256 INFO: Itinerary Nairobi Safari Adventure fetched [in /home/tracy/Development/code/phase-5/Travel-Agency/server/app.py:235]
2024-08-08 10:16:56,422 INFO: Itinerary Nairobi Safari Adventure fetched [in /home/tracy/Development/code/phase-5/Travel-Agency/server/app.py:235]
2024-08-08 10:17:01,985 INFO: Itinerary Nairobi Safari Adventure fetched [in /home/tracy/Development/code/phase-5/Travel-Agency/server/app.py:235]
2024-08-08 10:17:09,322 INFO: Itinerary Nairobi Safari Adventure fetched [in /home/tracy/Development/code/phase-5/Travel-Agency/server/app.py:235]
2024-08-08 10:17:15,460 INFO: Itinerary Nairobi Safari Adventure fetched [in /home/tracy/Development/code/phase-5/Travel-Agency/server/app.py:235]
2024-08-08 10:17:29,057 INFO: Fetched all itineraries [in /home/tracy/Development/code/phase-5/Travel-Agency/server/app.py:183]
2024-08-08 10:17:31,247 INFO: Itinerary Beach Getaway in Mombasa fetched [in /home/tracy/Development/code/phase-5/Travel-Agency/server/app.py:235]
2024-08-08 10:17:35,061 INFO: Fetched all itineraries [in /home/tracy/Development/code/phase-5/Travel-Agency/server/app.py:183]
2024-08-08 10:17:37,816 INFO: Itinerary Mount Kenya Trek fetched [in /home/tracy/Development/code/phase-5/Travel-Agency/server/app.py:235]
2024-08-08 10:17:42,565 INFO: Fetched all itineraries [in /home/tracy/Development/code/phase-5/Travel-Agency/server/app.py:183]
2024-08-08 10:17:45,615 INFO: Itinerary Lamu Island Retreat fetched [in /home/tracy/Development/code/phase-5/Travel-Agency/server/app.py:235]
2024-08-08 10:17:48,866 INFO: Fetched all itineraries [in /home/tracy/Development/code/phase-5/Travel-Agency/server/app.py:183]
2024-08-08 10:18:08,857 INFO: Fetched all itineraries [in /home/tracy/Development/code/phase-5/Travel-Agency/server/app.py:183]
2024-08-08 10:18:15,285 INFO: Fetched all itineraries [in /home/tracy/Development/code/phase-5/Travel-Agency/server/app.py:183]
2024-08-08 10:18:25,696 INFO: Itinerary Nairobi Safari Adventure fetched [in /home/tracy/Development/code/phase-5/Travel-Agency/server/app.py:235]
2024-08-08 10:18:28,156 INFO: Fetched all itineraries [in /home/tracy/Development/code/phase-5/Travel-Agency/server/app.py:183]
2024-08-08 10:18:36,930 INFO: Fetched all itineraries [in /home/tracy/Development/code/phase-5/Travel-Agency/server/app.py:183]
2024-08-08 10:18:41,162 INFO: Fetched all bookings [in /home/tracy/Development/code/phase-5/Travel-Agency/server/app.py:309]
2024-08-08 10:18:47,444 INFO: Fetched all itineraries [in /home/tracy/Development/code/phase-5/Travel-Agency/server/app.py:183]
2024-08-08 10:18:50,048 INFO: Fetched all travel journals [in /home/tracy/Development/code/phase-5/Travel-Agency/server/app.py:385]
2024-08-08 10:18:55,532 INFO: Fetched all travel journals [in /home/tracy/Development/code/phase-5/Travel-Agency/server/app.py:385]
2024-08-08 10:20:56,433 INFO: Fetched all travel journals [in /home/tracy/Development/code/phase-5/Travel-Agency/server/app.py:385]
2024-08-08 10:23:00,922 INFO: Fetched all itineraries [in /home/tracy/Development/code/phase-5/Travel-Agency/server/app.py:183]
2024-08-08 10:25:20,802 INFO: Fetched all bookings [in /home/tracy/Development/code/phase-5/Travel-Agency/server/app.py:309]
2024-08-08 10:25:30,015 INFO: Fetched all bookings [in /home/tracy/Development/code/phase-5/Travel-Agency/server/app.py:309]
2024-08-08 10:27:10,129 INFO: Fetched all itineraries [in /home/tracy/Development/code/phase-5/Travel-Agency/server/app.py:183]
2024-08-08 10:27:16,399 INFO: Fetched all itineraries [in /home/tracy/Development/code/phase-5/Travel-Agency/server/app.py:183]
2024-08-08 10:27:17,824 INFO: Itinerary Nairobi Safari Adventure fetched [in /home/tracy/Development/code/phase-5/Travel-Agency/server/app.py:235]
2024-08-08 10:27:20,197 INFO: Fetched all itineraries [in /home/tracy/Development/code/phase-5/Travel-Agency/server/app.py:183]
2024-08-08 10:27:21,962 INFO: Fetched all travel journals [in /home/tracy/Development/code/phase-5/Travel-Agency/server/app.py:385]
2024-08-08 10:33:52,627 INFO: Fetched all travel journals [in /home/tracy/Development/code/phase-5/Travel-Agency/server/app.py:385]
2024-08-08 10:33:58,302 INFO: Fetched all travel journals [in /home/tracy/Development/code/phase-5/Travel-Agency/server/app.py:385]
2024-08-08 10:34:08,788 INFO: Fetched all travel journals [in /home/tracy/Development/code/phase-5/Travel-Agency/server/app.py:385]
2024-08-08 10:34:11,370 INFO: Fetched all travel journals [in /home/tracy/Development/code/phase-5/Travel-Agency/server/app.py:385]
2024-08-08 10:34:13,614 INFO: Fetched all itineraries [in /home/tracy/Development/code/phase-5/Travel-Agency/server/app.py:183]
2024-08-08 10:34:15,770 INFO: Itinerary Nairobi Safari Adventure fetched [in /home/tracy/Development/code/phase-5/Travel-Agency/server/app.py:235]
2024-08-08 10:34:18,545 INFO: Fetched all itineraries [in /home/tracy/Development/code/phase-5/Travel-Agency/server/app.py:183]
2024-08-08 10:34:25,382 INFO: Fetched all itineraries [in /home/tracy/Development/code/phase-5/Travel-Agency/server/app.py:183]
2024-08-08 10:34:27,564 INFO: Fetched all itineraries [in /home/tracy/Development/code/phase-5/Travel-Agency/server/app.py:183]
2024-08-08 10:34:34,474 INFO: Fetched all itineraries [in /home/tracy/Development/code/phase-5/Travel-Agency/server/app.py:183]
2024-08-08 10:34:38,316 INFO: Itinerary Nairobi Safari Adventure fetched [in /home/tracy/Development/code/phase-5/Travel-Agency/server/app.py:235]
2024-08-08 10:34:42,004 INFO: Fetched all bookings [in /home/tracy/Development/code/phase-5/Travel-Agency/server/app.py:309]
2024-08-08 10:34:45,029 INFO: Fetched all itineraries [in /home/tracy/Development/code/phase-5/Travel-Agency/server/app.py:183]
2024-08-08 10:34:54,530 INFO: Fetched all itineraries [in /home/tracy/Development/code/phase-5/Travel-Agency/server/app.py:183]
2024-08-08 10:34:56,083 INFO: Fetched all bookings [in /home/tracy/Development/code/phase-5/Travel-Agency/server/app.py:309]
2024-08-08 10:34:59,331 INFO: Fetched all itineraries [in /home/tracy/Development/code/phase-5/Travel-Agency/server/app.py:183]
2024-08-08 10:35:01,639 INFO: Fetched all travel journals [in /home/tracy/Development/code/phase-5/Travel-Agency/server/app.py:385]
2024-08-09 10:22:11,184 INFO: App startup [in /home/tracy/Development/code/phase-5/Travel-Agency/server/app.py:46]
2024-08-09 10:22:11,817 INFO: App startup [in /home/tracy/Development/code/phase-5/Travel-Agency/server/app.py:46]
2024-08-09 10:27:49,108 INFO: User Alice@gmail.com logged in successfully [in /home/tracy/Development/code/phase-5/Travel-Agency/server/app.py:63]
2024-08-09 10:46:08,577 INFO: App startup [in /home/tracy/Development/code/phase-5/Travel-Agency/server/app.py:46]
2024-08-09 10:46:08,935 INFO: App startup [in /home/tracy/Development/code/phase-5/Travel-Agency/server/app.py:46]
2024-08-09 10:46:26,623 INFO: User Alice@gmail.com logged in successfully [in /home/tracy/Development/code/phase-5/Travel-Agency/server/app.py:63]
2024-08-09 10:46:31,943 INFO: Fetched all itineraries [in /home/tracy/Development/code/phase-5/Travel-Agency/server/app.py:183]
2024-08-09 10:46:34,852 INFO: Fetched all bookings [in /home/tracy/Development/code/phase-5/Travel-Agency/server/app.py:309]
2024-08-09 10:46:37,418 INFO: Fetched all itineraries [in /home/tracy/Development/code/phase-5/Travel-Agency/server/app.py:183]
2024-08-09 10:46:43,652 INFO: Fetched all travel journals [in /home/tracy/Development/code/phase-5/Travel-Agency/server/app.py:385]
2024-08-09 11:13:27,278 INFO: App startup [in /home/tracy/Development/code/phase-5/Travel-Agency/server/app.py:46]
2024-08-09 11:13:27,652 INFO: App startup [in /home/tracy/Development/code/phase-5/Travel-Agency/server/app.py:46]
2024-08-09 11:13:52,589 INFO: User Alice@gmail.com logged in successfully [in /home/tracy/Development/code/phase-5/Travel-Agency/server/app.py:63]
2024-08-09 11:16:18,678 INFO: Fetched all bookings [in /home/tracy/Development/code/phase-5/Travel-Agency/server/app.py:309]
2024-08-09 11:16:22,625 INFO: Fetched all travel journals [in /home/tracy/Development/code/phase-5/Travel-Agency/server/app.py:385]
2024-08-09 11:16:25,204 INFO: Fetched all itineraries [in /home/tracy/Development/code/phase-5/Travel-Agency/server/app.py:183]
2024-08-09 11:16:30,084 INFO: Fetched all itineraries [in /home/tracy/Development/code/phase-5/Travel-Agency/server/app.py:183]
2024-08-09 11:22:20,182 INFO: User Alice@gmail.com logged in successfully [in /home/tracy/Development/code/phase-5/Travel-Agency/server/app.py:63]
2024-08-09 12:21:49,584 INFO: Fetched all travel journals [in /home/tracy/Development/code/phase-5/Travel-Agency/server/app.py:385]
2024-08-09 12:25:54,938 INFO: Fetched all itineraries [in /home/tracy/Development/code/phase-5/Travel-Agency/server/app.py:183]
2024-08-09 12:45:47,645 INFO: Fetched all itineraries [in /home/tracy/Development/code/phase-5/Travel-Agency/server/app.py:183]
2024-08-09 12:45:49,021 INFO: Fetched all bookings [in /home/tracy/Development/code/phase-5/Travel-Agency/server/app.py:309]
2024-08-09 12:45:51,866 INFO: Fetched all itineraries [in /home/tracy/Development/code/phase-5/Travel-Agency/server/app.py:183]
2024-08-09 12:45:53,882 INFO: Fetched all travel journals [in /home/tracy/Development/code/phase-5/Travel-Agency/server/app.py:385]
2024-08-09 13:08:50,712 INFO: Fetched all itineraries [in /home/tracy/Development/code/phase-5/Travel-Agency/server/app.py:183]
2024-08-09 13:08:52,144 INFO: Fetched all bookings [in /home/tracy/Development/code/phase-5/Travel-Agency/server/app.py:309]
2024-08-09 13:08:53,298 INFO: Fetched all itineraries [in /home/tracy/Development/code/phase-5/Travel-Agency/server/app.py:183]
2024-08-09 13:08:54,432 INFO: Fetched all travel journals [in /home/tracy/Development/code/phase-5/Travel-Agency/server/app.py:385]
2024-08-09 13:08:59,158 INFO: Fetched all travel journals [in /home/tracy/Development/code/phase-5/Travel-Agency/server/app.py:385]
2024-08-09 13:09:01,944 INFO: Fetched all travel journals [in /home/tracy/Development/code/phase-5/Travel-Agency/server/app.py:385]
2024-08-09 13:09:03,919 INFO: Fetched all itineraries [in /home/tracy/Development/code/phase-5/Travel-Agency/server/app.py:183]
2024-08-09 13:09:06,567 INFO: Itinerary Lamu Island Retreat fetched [in /home/tracy/Development/code/phase-5/Travel-Agency/server/app.py:235]
2024-08-09 13:09:09,174 INFO: Fetched all itineraries [in /home/tracy/Development/code/phase-5/Travel-Agency/server/app.py:183]
2024-08-12 10:12:44,223 INFO: App startup [in /home/tracy/Development/code/phase-5/Travel-Agency/server/app.py:46]
2024-08-12 10:12:44,888 INFO: App startup [in /home/tracy/Development/code/phase-5/Travel-Agency/server/app.py:46]
2024-08-12 10:13:47,857 INFO: User Alice@gmail.com logged in successfully [in /home/tracy/Development/code/phase-5/Travel-Agency/server/app.py:63]
2024-08-12 10:13:53,182 INFO: Fetched all bookings [in /home/tracy/Development/code/phase-5/Travel-Agency/server/app.py:309]
2024-08-12 10:13:57,038 INFO: Fetched all bookings [in /home/tracy/Development/code/phase-5/Travel-Agency/server/app.py:309]
2024-08-12 10:14:01,297 INFO: Fetched all itineraries [in /home/tracy/Development/code/phase-5/Travel-Agency/server/app.py:183]
2024-08-12 10:14:02,920 INFO: Itinerary Nairobi Safari Adventure fetched [in /home/tracy/Development/code/phase-5/Travel-Agency/server/app.py:235]
2024-08-12 10:14:09,145 INFO: Fetched all itineraries [in /home/tracy/Development/code/phase-5/Travel-Agency/server/app.py:183]
2024-08-12 10:14:11,414 INFO: Fetched all travel journals [in /home/tracy/Development/code/phase-5/Travel-Agency/server/app.py:385]
2024-08-12 10:14:16,095 INFO: Fetched all travel journals [in /home/tracy/Development/code/phase-5/Travel-Agency/server/app.py:385]
2024-08-12 10:14:18,839 INFO: Fetched all itineraries [in /home/tracy/Development/code/phase-5/Travel-Agency/server/app.py:183]
2024-08-12 10:17:52,949 INFO: Fetched all itineraries [in /home/tracy/Development/code/phase-5/Travel-Agency/server/app.py:183]
2024-08-12 10:18:05,138 INFO: Fetched all itineraries [in /home/tracy/Development/code/phase-5/Travel-Agency/server/app.py:183]
2024-08-12 10:18:09,279 INFO: Fetched all itineraries [in /home/tracy/Development/code/phase-5/Travel-Agency/server/app.py:183]
2024-08-12 10:18:16,980 INFO: Fetched all itineraries [in /home/tracy/Development/code/phase-5/Travel-Agency/server/app.py:183]
2024-08-12 10:18:19,264 INFO: Fetched all itineraries [in /home/tracy/Development/code/phase-5/Travel-Agency/server/app.py:183]
2024-08-12 10:18:45,333 INFO: Fetched all itineraries [in /home/tracy/Development/code/phase-5/Travel-Agency/server/app.py:183]
2024-08-12 10:18:50,535 INFO: Fetched all itineraries [in /home/tracy/Development/code/phase-5/Travel-Agency/server/app.py:183]
2024-08-12 10:18:56,448 INFO: Fetched all itineraries [in /home/tracy/Development/code/phase-5/Travel-Agency/server/app.py:183]
2024-08-12 10:19:03,919 INFO: Fetched all itineraries [in /home/tracy/Development/code/phase-5/Travel-Agency/server/app.py:183]
2024-08-12 10:19:09,636 INFO: Fetched all itineraries [in /home/tracy/Development/code/phase-5/Travel-Agency/server/app.py:183]
2024-08-12 10:20:11,053 INFO: Fetched all itineraries [in /home/tracy/Development/code/phase-5/Travel-Agency/server/app.py:183]
2024-08-12 10:20:19,043 INFO: Fetched all itineraries [in /home/tracy/Development/code/phase-5/Travel-Agency/server/app.py:183]
2024-08-12 10:20:21,757 INFO: Fetched all itineraries [in /home/tracy/Development/code/phase-5/Travel-Agency/server/app.py:183]
2024-08-12 10:20:41,041 INFO: Fetched all itineraries [in /home/tracy/Development/code/phase-5/Travel-Agency/server/app.py:183]
2024-08-12 10:20:46,560 INFO: Fetched all itineraries [in /home/tracy/Development/code/phase-5/Travel-Agency/server/app.py:183]
2024-08-12 10:20:48,592 INFO: Fetched all itineraries [in /home/tracy/Development/code/phase-5/Travel-Agency/server/app.py:183]
2024-08-12 10:20:49,703 INFO: Fetched all itineraries [in /home/tracy/Development/code/phase-5/Travel-Agency/server/app.py:183]
2024-08-12 10:20:54,392 INFO: Itinerary Beach Getaway in Mombasa fetched [in /home/tracy/Development/code/phase-5/Travel-Agency/server/app.py:235]
2024-08-12 10:20:58,771 INFO: Fetched all itineraries [in /home/tracy/Development/code/phase-5/Travel-Agency/server/app.py:183]
2024-08-12 10:21:16,747 INFO: Fetched all itineraries [in /home/tracy/Development/code/phase-5/Travel-Agency/server/app.py:183]
2024-08-12 10:21:20,147 INFO: Fetched all itineraries [in /home/tracy/Development/code/phase-5/Travel-Agency/server/app.py:183]
2024-08-12 10:21:21,788 INFO: Fetched all itineraries [in /home/tracy/Development/code/phase-5/Travel-Agency/server/app.py:183]
2024-08-12 10:21:28,960 INFO: Fetched all itineraries [in /home/tracy/Development/code/phase-5/Travel-Agency/server/app.py:183]
2024-08-12 10:21:32,646 INFO: Fetched all itineraries [in /home/tracy/Development/code/phase-5/Travel-Agency/server/app.py:183]
2024-08-12 10:21:38,441 INFO: Fetched all itineraries [in /home/tracy/Development/code/phase-5/Travel-Agency/server/app.py:183]
2024-08-12 10:21:46,207 INFO: Fetched all itineraries [in /home/tracy/Development/code/phase-5/Travel-Agency/server/app.py:183]
2024-08-12 10:21:47,692 INFO: Itinerary Nairobi Safari Adventure fetched [in /home/tracy/Development/code/phase-5/Travel-Agency/server/app.py:235]
2024-08-12 10:21:50,552 INFO: Fetched all itineraries [in /home/tracy/Development/code/phase-5/Travel-Agency/server/app.py:183]
2024-08-12 10:21:54,015 INFO: Itinerary Beach Getaway in Mombasa fetched [in /home/tracy/Development/code/phase-5/Travel-Agency/server/app.py:235]
2024-08-12 10:22:00,497 INFO: Fetched all itineraries [in /home/tracy/Development/code/phase-5/Travel-Agency/server/app.py:183]
2024-08-12 10:22:11,252 INFO: Fetched all itineraries [in /home/tracy/Development/code/phase-5/Travel-Agency/server/app.py:183]
2024-08-12 10:22:24,666 INFO: Fetched all itineraries [in /home/tracy/Development/code/phase-5/Travel-Agency/server/app.py:183]
2024-08-12 10:22:32,272 INFO: Fetched all itineraries [in /home/tracy/Development/code/phase-5/Travel-Agency/server/app.py:183]
2024-08-12 10:22:34,301 INFO: Fetched all bookings [in /home/tracy/Development/code/phase-5/Travel-Agency/server/app.py:309]
2024-08-12 10:25:28,388 INFO: Fetched all itineraries [in /home/tracy/Development/code/phase-5/Travel-Agency/server/app.py:183]
2024-08-12 10:25:29,621 INFO: Itinerary Nairobi Safari Adventure fetched [in /home/tracy/Development/code/phase-5/Travel-Agency/server/app.py:235]
2024-08-12 10:25:37,265 INFO: Fetched all itineraries [in /home/tracy/Development/code/phase-5/Travel-Agency/server/app.py:183]
2024-08-12 10:25:40,684 INFO: Itinerary Lake Nakuru Adventure fetched [in /home/tracy/Development/code/phase-5/Travel-Agency/server/app.py:235]
2024-08-12 10:25:44,700 INFO: Fetched all itineraries [in /home/tracy/Development/code/phase-5/Travel-Agency/server/app.py:183]
2024-08-12 10:25:51,796 INFO: Itinerary Samburu Wildlife Safari fetched [in /home/tracy/Development/code/phase-5/Travel-Agency/server/app.py:235]
2024-08-12 10:25:58,455 INFO: Fetched all itineraries [in /home/tracy/Development/code/phase-5/Travel-Agency/server/app.py:183]
2024-08-12 10:30:37,230 INFO: Fetched all bookings [in /home/tracy/Development/code/phase-5/Travel-Agency/server/app.py:309]
2024-08-12 10:30:39,233 INFO: Fetched all itineraries [in /home/tracy/Development/code/phase-5/Travel-Agency/server/app.py:183]
2024-08-12 10:30:43,828 INFO: Fetched all travel journals [in /home/tracy/Development/code/phase-5/Travel-Agency/server/app.py:385]
2024-08-12 10:30:46,746 INFO: Fetched all itineraries [in /home/tracy/Development/code/phase-5/Travel-Agency/server/app.py:183]
2024-08-12 10:30:48,164 INFO: Fetched all bookings [in /home/tracy/Development/code/phase-5/Travel-Agency/server/app.py:309]
2024-08-12 10:30:50,520 INFO: Fetched all itineraries [in /home/tracy/Development/code/phase-5/Travel-Agency/server/app.py:183]
2024-08-12 10:31:13,660 INFO: Fetched all itineraries [in /home/tracy/Development/code/phase-5/Travel-Agency/server/app.py:183]
2024-08-12 10:31:17,056 INFO: Itinerary Nairobi Safari Adventure fetched [in /home/tracy/Development/code/phase-5/Travel-Agency/server/app.py:235]
2024-08-12 10:33:11,507 INFO: Fetched all bookings [in /home/tracy/Development/code/phase-5/Travel-Agency/server/app.py:309]
2024-08-12 10:33:15,057 INFO: Fetched all itineraries [in /home/tracy/Development/code/phase-5/Travel-Agency/server/app.py:183]
2024-08-12 10:33:19,049 INFO: Fetched all bookings [in /home/tracy/Development/code/phase-5/Travel-Agency/server/app.py:309]
2024-08-12 10:33:23,578 INFO: Fetched all itineraries [in /home/tracy/Development/code/phase-5/Travel-Agency/server/app.py:183]
2024-08-12 10:36:07,800 INFO: Fetched all itineraries [in /home/tracy/Development/code/phase-5/Travel-Agency/server/app.py:183]
2024-08-12 10:40:57,392 INFO: User Alice@gmail.com logged in successfully [in /home/tracy/Development/code/phase-5/Travel-Agency/server/app.py:63]
2024-08-12 10:41:33,226 INFO: Fetched all itineraries [in /home/tracy/Development/code/phase-5/Travel-Agency/server/app.py:183]
2024-08-12 10:45:28,733 INFO: Fetched all itineraries [in /home/tracy/Development/code/phase-5/Travel-Agency/server/app.py:183]
2024-08-12 10:47:07,074 INFO: Itinerary Safari and Beach Extravaganza created successfully [in /home/tracy/Development/code/phase-5/Travel-Agency/server/app.py:175]
2024-08-12 10:47:15,234 INFO: Fetched all itineraries [in /home/tracy/Development/code/phase-5/Travel-Agency/server/app.py:183]
2024-08-12 10:47:17,034 INFO: Fetched all itineraries [in /home/tracy/Development/code/phase-5/Travel-Agency/server/app.py:183]
2024-08-12 10:47:19,233 INFO: Itinerary Nairobi Safari Adventure fetched [in /home/tracy/Development/code/phase-5/Travel-Agency/server/app.py:235]
2024-08-12 10:47:24,187 INFO: Fetched all itineraries [in /home/tracy/Development/code/phase-5/Travel-Agency/server/app.py:183]
2024-08-12 10:47:31,537 INFO: Itinerary Safari and Beach Extravaganza fetched [in /home/tracy/Development/code/phase-5/Travel-Agency/server/app.py:235]
2024-08-12 10:56:31,395 INFO: App startup [in /home/tracy/Development/code/phase-5/Travel-Agency/server/app.py:46]
2024-08-12 10:56:31,763 INFO: App startup [in /home/tracy/Development/code/phase-5/Travel-Agency/server/app.py:46]
2024-08-12 10:57:59,919 INFO: Itinerary Safari and Beach Extravaganza fetched [in /home/tracy/Development/code/phase-5/Travel-Agency/server/app.py:254]
2024-08-12 10:58:48,200 INFO: Itinerary Safari and Beach Extravaganza fetched [in /home/tracy/Development/code/phase-5/Travel-Agency/server/app.py:254]
2024-08-12 10:59:04,090 INFO: User Alice@gmail.com logged in successfully [in /home/tracy/Development/code/phase-5/Travel-Agency/server/app.py:63]
2024-08-12 10:59:06,759 INFO: Fetched all itineraries [in /home/tracy/Development/code/phase-5/Travel-Agency/server/app.py:202]
2024-08-12 11:00:34,673 INFO: Itinerary Safari and Beach Extravaganza created successfully with activities [in /home/tracy/Development/code/phase-5/Travel-Agency/server/app.py:193]
2024-08-12 11:00:36,256 INFO: Fetched all itineraries [in /home/tracy/Development/code/phase-5/Travel-Agency/server/app.py:202]
2024-08-12 11:01:06,279 INFO: Fetched all itineraries [in /home/tracy/Development/code/phase-5/Travel-Agency/server/app.py:202]
2024-08-12 11:01:13,530 INFO: Itinerary Safari and Beach Extravaganza fetched [in /home/tracy/Development/code/phase-5/Travel-Agency/server/app.py:254]
2024-08-12 11:01:19,511 INFO: Fetched all itineraries [in /home/tracy/Development/code/phase-5/Travel-Agency/server/app.py:202]
2024-08-12 11:02:52,690 INFO: Fetched all itineraries [in /home/tracy/Development/code/phase-5/Travel-Agency/server/app.py:202]
2024-08-12 11:04:38,584 INFO: Itinerary Safari and Beach Extravaganza fetched [in /home/tracy/Development/code/phase-5/Travel-Agency/server/app.py:254]
2024-08-12 11:04:44,723 INFO: Fetched all itineraries [in /home/tracy/Development/code/phase-5/Travel-Agency/server/app.py:202]
2024-08-12 12:05:27,735 INFO: App startup [in /home/tracy/Development/code/phase-5/Travel-Agency/server/app.py:46]
2024-08-12 12:05:28,094 INFO: App startup [in /home/tracy/Development/code/phase-5/Travel-Agency/server/app.py:46]
2024-08-12 12:05:48,560 INFO: User Alice@gmail.com logged in successfully [in /home/tracy/Development/code/phase-5/Travel-Agency/server/app.py:63]
2024-08-12 12:11:05,044 INFO: Fetched all bookings [in /home/tracy/Development/code/phase-5/Travel-Agency/server/app.py:328]
2024-08-12 12:11:06,283 INFO: Fetched all itineraries [in /home/tracy/Development/code/phase-5/Travel-Agency/server/app.py:202]
2024-08-12 12:11:07,713 INFO: Fetched all travel journals [in /home/tracy/Development/code/phase-5/Travel-Agency/server/app.py:404]
2024-08-12 12:11:58,678 INFO: Fetched all itineraries [in /home/tracy/Development/code/phase-5/Travel-Agency/server/app.py:202]
2024-08-12 12:36:12,624 INFO: Fetched all travel journals [in /home/tracy/Development/code/phase-5/Travel-Agency/server/app.py:404]
2024-08-12 12:36:37,102 INFO: Travel journal A walk at the beach created successfully [in /home/tracy/Development/code/phase-5/Travel-Agency/server/app.py:396]
2024-08-12 12:36:38,652 INFO: Fetched all travel journals [in /home/tracy/Development/code/phase-5/Travel-Agency/server/app.py:404]
2024-08-12 12:40:06,361 INFO: App startup [in /home/tracy/Development/code/phase-5/Travel-Agency/server/app.py:46]
2024-08-12 12:42:25,633 INFO: App startup [in /home/tracy/Development/code/phase-5/Travel-Agency/server/app.py:46]
2024-08-12 12:58:34,652 INFO: App startup [in /home/tracy/Development/code/phase-5/Travel-Agency/server/app.py:46]
2024-08-12 12:58:35,089 INFO: App startup [in /home/tracy/Development/code/phase-5/Travel-Agency/server/app.py:46]
2024-08-12 13:00:19,010 INFO: User Frank@gmail.com logged in successfully [in /home/tracy/Development/code/phase-5/Travel-Agency/server/app.py:63]
2024-08-12 13:00:43,875 INFO: Fetched all itineraries [in /home/tracy/Development/code/phase-5/Travel-Agency/server/app.py:202]
2024-08-12 13:00:47,104 INFO: Fetched all bookings [in /home/tracy/Development/code/phase-5/Travel-Agency/server/app.py:328]
2024-08-12 13:00:48,922 INFO: Fetched all itineraries [in /home/tracy/Development/code/phase-5/Travel-Agency/server/app.py:202]
2024-08-12 13:00:55,374 INFO: Fetched all travel journals [in /home/tracy/Development/code/phase-5/Travel-Agency/server/app.py:404]
2024-08-12 13:08:00,125 INFO: Fetched all itineraries [in /home/tracy/Development/code/phase-5/Travel-Agency/server/app.py:202]
2024-08-12 13:08:01,874 INFO: Itinerary Nairobi Safari Adventure fetched [in /home/tracy/Development/code/phase-5/Travel-Agency/server/app.py:254]
2024-08-12 13:08:10,011 INFO: Fetched all itineraries [in /home/tracy/Development/code/phase-5/Travel-Agency/server/app.py:202]
2024-08-12 13:08:20,291 INFO: Itinerary Safari and Beach Extravaganza fetched [in /home/tracy/Development/code/phase-5/Travel-Agency/server/app.py:254]
2024-08-12 13:09:38,298 INFO: Itinerary Safari and Beach Extravaganza updated successfully [in /home/tracy/Development/code/phase-5/Travel-Agency/server/app.py:239]
2024-08-12 13:09:43,349 INFO: Itinerary Safari and Beach Extravaganza fetched [in /home/tracy/Development/code/phase-5/Travel-Agency/server/app.py:254]
2024-08-12 13:09:45,369 INFO: Fetched all itineraries [in /home/tracy/Development/code/phase-5/Travel-Agency/server/app.py:202]
2024-08-12 13:09:51,858 INFO: Fetched all itineraries [in /home/tracy/Development/code/phase-5/Travel-Agency/server/app.py:202]
2024-08-12 13:11:04,804 INFO: Itinerary Safari and Beach Extravaganza fetched [in /home/tracy/Development/code/phase-5/Travel-Agency/server/app.py:254]
2024-08-12 13:11:32,139 INFO: Itinerary Safari and Beach Extravaganza updated successfully [in /home/tracy/Development/code/phase-5/Travel-Agency/server/app.py:239]
2024-08-12 13:11:32,173 INFO: Fetched all itineraries [in /home/tracy/Development/code/phase-5/Travel-Agency/server/app.py:202]
2024-08-12 13:13:08,863 INFO: Itinerary Safari and Beach Extravaganza fetched [in /home/tracy/Development/code/phase-5/Travel-Agency/server/app.py:254]
2024-08-12 13:13:15,010 INFO: Itinerary Safari and Beach updated successfully [in /home/tracy/Development/code/phase-5/Travel-Agency/server/app.py:239]
2024-08-12 13:13:15,043 INFO: Fetched all itineraries [in /home/tracy/Development/code/phase-5/Travel-Agency/server/app.py:202]
2024-08-12 13:15:03,100 INFO: App startup [in /home/tracy/Development/code/phase-5/Travel-Agency/server/app.py:46]
2024-08-12 13:15:07,540 INFO: Itinerary Safari and Beach fetched [in /home/tracy/Development/code/phase-5/Travel-Agency/server/app.py:287]
2024-08-12 13:15:42,214 INFO: Itinerary Safari and Beach fetched [in /home/tracy/Development/code/phase-5/Travel-Agency/server/app.py:287]
2024-08-12 13:15:48,949 INFO: App startup [in /home/tracy/Development/code/phase-5/Travel-Agency/server/app.py:46]
2024-08-12 13:16:00,568 INFO: Itinerary Safari and Beach fetched [in /home/tracy/Development/code/phase-5/Travel-Agency/server/app.py:254]
2024-08-12 13:16:13,558 INFO: Itinerary Safari and Beach fetched [in /home/tracy/Development/code/phase-5/Travel-Agency/server/app.py:254]
2024-08-12 13:16:22,331 INFO: User Alice@gmail.com logged in successfully [in /home/tracy/Development/code/phase-5/Travel-Agency/server/app.py:63]
2024-08-12 13:16:26,212 INFO: Fetched all itineraries [in /home/tracy/Development/code/phase-5/Travel-Agency/server/app.py:202]
2024-08-12 13:16:31,356 INFO: Itinerary Beach Getaway in Mombasa fetched [in /home/tracy/Development/code/phase-5/Travel-Agency/server/app.py:254]
2024-08-12 13:16:37,429 INFO: Itinerary Beach Getaway in Mombasa updated successfully [in /home/tracy/Development/code/phase-5/Travel-Agency/server/app.py:239]
2024-08-12 13:16:37,457 INFO: Fetched all itineraries [in /home/tracy/Development/code/phase-5/Travel-Agency/server/app.py:202]
2024-08-12 13:19:46,978 INFO: App startup [in /home/tracy/Development/code/phase-5/Travel-Agency/server/app.py:46]
2024-08-12 13:19:54,384 INFO: Itinerary Beach Getaway in Mombasa fetched [in /home/tracy/Development/code/phase-5/Travel-Agency/server/app.py:275]
2024-08-12 13:20:07,070 INFO: Itinerary Beach Getaway in Mombasa fetched [in /home/tracy/Development/code/phase-5/Travel-Agency/server/app.py:275]
2024-08-12 13:20:25,475 INFO: User Alice@gmail.com logged in successfully [in /home/tracy/Development/code/phase-5/Travel-Agency/server/app.py:63]
2024-08-12 13:20:33,826 INFO: Fetched all itineraries [in /home/tracy/Development/code/phase-5/Travel-Agency/server/app.py:202]
2024-08-12 13:20:37,255 INFO: Fetched all bookings [in /home/tracy/Development/code/phase-5/Travel-Agency/server/app.py:349]
2024-08-12 13:20:47,183 INFO: Fetched all itineraries [in /home/tracy/Development/code/phase-5/Travel-Agency/server/app.py:202]
2024-08-12 13:21:01,931 INFO: Itinerary Lake Nakuru Adventure fetched [in /home/tracy/Development/code/phase-5/Travel-Agency/server/app.py:275]
2024-08-12 13:21:15,533 INFO: Fetched all itineraries [in /home/tracy/Development/code/phase-5/Travel-Agency/server/app.py:202]
2024-08-12 13:21:25,244 INFO: Itinerary Mount Kenya Trek fetched [in /home/tracy/Development/code/phase-5/Travel-Agency/server/app.py:275]
2024-08-12 13:21:48,883 INFO: Fetched all itineraries [in /home/tracy/Development/code/phase-5/Travel-Agency/server/app.py:202]
2024-08-12 13:22:03,871 INFO: Itinerary Safari and Beach fetched [in /home/tracy/Development/code/phase-5/Travel-Agency/server/app.py:275]
2024-08-12 13:22:09,549 INFO: Itinerary Safari and Beach Extravaganza updated successfully [in /home/tracy/Development/code/phase-5/Travel-Agency/server/app.py:259]
2024-08-12 13:22:09,577 INFO: Fetched all itineraries [in /home/tracy/Development/code/phase-5/Travel-Agency/server/app.py:202]
2024-08-12 13:22:32,627 INFO: App startup [in /home/tracy/Development/code/phase-5/Travel-Agency/server/app.py:46]
2024-08-12 13:22:33,973 INFO: Itinerary Safari and Beach Extravaganza fetched [in /home/tracy/Development/code/phase-5/Travel-Agency/server/app.py:254]
2024-08-12 13:22:44,712 INFO: Itinerary Safari and Beach Extravaganza fetched [in /home/tracy/Development/code/phase-5/Travel-Agency/server/app.py:254]
2024-08-12 13:22:48,394 INFO: Itinerary Safari and Beach Extravaganza fetched [in /home/tracy/Development/code/phase-5/Travel-Agency/server/app.py:254]
2024-08-12 13:22:57,933 INFO: User Alice@gmail.com logged in successfully [in /home/tracy/Development/code/phase-5/Travel-Agency/server/app.py:63]
2024-08-12 13:23:00,787 INFO: Fetched all itineraries [in /home/tracy/Development/code/phase-5/Travel-Agency/server/app.py:202]
2024-08-12 13:23:07,549 INFO: Itinerary Safari and Beach Extravaganza fetched [in /home/tracy/Development/code/phase-5/Travel-Agency/server/app.py:254]
2024-08-12 13:23:15,121 INFO: Itinerary Safari and Beach Extravaganza..... updated successfully [in /home/tracy/Development/code/phase-5/Travel-Agency/server/app.py:239]
2024-08-12 13:23:15,155 INFO: Fetched all itineraries [in /home/tracy/Development/code/phase-5/Travel-Agency/server/app.py:202]
2024-08-12 13:23:23,481 INFO: Itinerary Safari and Beach Extravaganza..... fetched [in /home/tracy/Development/code/phase-5/Travel-Agency/server/app.py:254]
2024-08-12 13:23:36,992 INFO: Itinerary Safari and Beach Extravaganza..... updated successfully [in /home/tracy/Development/code/phase-5/Travel-Agency/server/app.py:239]
2024-08-12 13:23:37,023 INFO: Fetched all itineraries [in /home/tracy/Development/code/phase-5/Travel-Agency/server/app.py:202]
2024-08-12 13:24:41,844 INFO: Fetched all itineraries [in /home/tracy/Development/code/phase-5/Travel-Agency/server/app.py:202]
2024-08-12 13:24:44,977 INFO: Itinerary Nairobi Safari Adventure fetched [in /home/tracy/Development/code/phase-5/Travel-Agency/server/app.py:254]
2024-08-12 13:24:48,176 INFO: Fetched all itineraries [in /home/tracy/Development/code/phase-5/Travel-Agency/server/app.py:202]
2024-08-12 13:24:56,270 INFO: Fetched all itineraries [in /home/tracy/Development/code/phase-5/Travel-Agency/server/app.py:202]
2024-08-12 13:24:57,214 INFO: Fetched all bookings [in /home/tracy/Development/code/phase-5/Travel-Agency/server/app.py:328]
2024-08-12 13:25:00,854 INFO: Fetched all bookings [in /home/tracy/Development/code/phase-5/Travel-Agency/server/app.py:328]
2024-08-12 13:25:13,175 INFO: Fetched all itineraries [in /home/tracy/Development/code/phase-5/Travel-Agency/server/app.py:202]
2024-08-12 13:25:29,917 INFO: Itinerary Safari and Beach Extravaganza..... deleted [in /home/tracy/Development/code/phase-5/Travel-Agency/server/app.py:248]
2024-08-12 13:25:45,613 INFO: Fetched all bookings [in /home/tracy/Development/code/phase-5/Travel-Agency/server/app.py:328]
2024-08-12 13:25:53,427 INFO: Fetched all itineraries [in /home/tracy/Development/code/phase-5/Travel-Agency/server/app.py:202]
2024-08-12 13:25:57,359 INFO: Fetched all itineraries [in /home/tracy/Development/code/phase-5/Travel-Agency/server/app.py:202]
2024-08-12 13:26:00,520 INFO: Itinerary Safari and Beach Extravaganza fetched [in /home/tracy/Development/code/phase-5/Travel-Agency/server/app.py:254]
2024-08-12 13:26:08,222 INFO: Fetched all itineraries [in /home/tracy/Development/code/phase-5/Travel-Agency/server/app.py:202]
2024-08-12 13:29:58,309 INFO: Itinerary Nairobi Safari Adventure fetched [in /home/tracy/Development/code/phase-5/Travel-Agency/server/app.py:254]
2024-08-12 13:31:11,062 INFO: Itinerary Nairobi Safari Adventure fetched [in /home/tracy/Development/code/phase-5/Travel-Agency/server/app.py:254]
2024-08-12 13:31:16,026 INFO: Fetched all itineraries [in /home/tracy/Development/code/phase-5/Travel-Agency/server/app.py:202]
2024-08-12 13:31:18,141 INFO: Itinerary Beach Getaway in Mombasa fetched [in /home/tracy/Development/code/phase-5/Travel-Agency/server/app.py:254]
2024-08-12 13:31:21,497 INFO: Fetched all itineraries [in /home/tracy/Development/code/phase-5/Travel-Agency/server/app.py:202]
2024-08-12 13:31:24,497 INFO: Itinerary Mount Kenya Trek fetched [in /home/tracy/Development/code/phase-5/Travel-Agency/server/app.py:254]
2024-08-12 13:31:53,174 INFO: Fetched all itineraries [in /home/tracy/Development/code/phase-5/Travel-Agency/server/app.py:202]
2024-08-12 13:34:06,744 INFO: Itinerary Tsavo National Park Exploration fetched [in /home/tracy/Development/code/phase-5/Travel-Agency/server/app.py:254]
2024-08-12 13:34:39,843 INFO: Itinerary Tsavo National Park Exploration updated successfully [in /home/tracy/Development/code/phase-5/Travel-Agency/server/app.py:239]
2024-08-12 13:34:39,964 INFO: Fetched all itineraries [in /home/tracy/Development/code/phase-5/Travel-Agency/server/app.py:202]
2024-08-12 13:35:01,276 INFO: Itinerary Samburu Wildlife Safari fetched [in /home/tracy/Development/code/phase-5/Travel-Agency/server/app.py:254]
2024-08-12 13:35:22,544 INFO: Fetched all itineraries [in /home/tracy/Development/code/phase-5/Travel-Agency/server/app.py:202]
2024-08-12 13:35:24,021 INFO: Itinerary Nairobi Safari Adventure fetched [in /home/tracy/Development/code/phase-5/Travel-Agency/server/app.py:254]
2024-08-12 13:35:51,905 INFO: Itinerary Nairobi Safari Adventure updated successfully [in /home/tracy/Development/code/phase-5/Travel-Agency/server/app.py:239]
2024-08-12 13:35:51,934 INFO: Fetched all itineraries [in /home/tracy/Development/code/phase-5/Travel-Agency/server/app.py:202]
2024-08-12 13:36:56,951 INFO: Fetched all itineraries [in /home/tracy/Development/code/phase-5/Travel-Agency/server/app.py:202]
2024-08-12 13:36:58,066 INFO: Itinerary Nairobi Safari Adventure fetched [in /home/tracy/Development/code/phase-5/Travel-Agency/server/app.py:254]
2024-08-12 13:40:47,088 INFO: Fetched all itineraries [in /home/tracy/Development/code/phase-5/Travel-Agency/server/app.py:202]
2024-08-12 13:40:48,295 INFO: Itinerary Nairobi Safari Adventure fetched [in /home/tracy/Development/code/phase-5/Travel-Agency/server/app.py:254]
2024-08-12 13:41:06,053 INFO: Itinerary Nairobi Safari Adventure updated successfully [in /home/tracy/Development/code/phase-5/Travel-Agency/server/app.py:239]
2024-08-12 13:41:06,081 INFO: Fetched all itineraries [in /home/tracy/Development/code/phase-5/Travel-Agency/server/app.py:202]
2024-08-12 13:41:49,492 INFO: User Alice@gmail.com logged in successfully [in /home/tracy/Development/code/phase-5/Travel-Agency/server/app.py:63]
2024-08-12 13:43:17,470 INFO: Fetched all itineraries [in /home/tracy/Development/code/phase-5/Travel-Agency/server/app.py:202]
2024-08-12 13:43:29,222 INFO: Itinerary Nairobi Safari Adventure fetched [in /home/tracy/Development/code/phase-5/Travel-Agency/server/app.py:254]
2024-08-12 13:46:11,416 INFO: Fetched all itineraries [in /home/tracy/Development/code/phase-5/Travel-Agency/server/app.py:202]
2024-08-12 13:46:13,286 INFO: Itinerary Nairobi Safari Adventure fetched [in /home/tracy/Development/code/phase-5/Travel-Agency/server/app.py:254]
2024-08-12 13:46:39,765 INFO: Itinerary Nairobi Safari Adventure fetched [in /home/tracy/Development/code/phase-5/Travel-Agency/server/app.py:254]
2024-08-12 13:46:51,442 INFO: Fetched all itineraries [in /home/tracy/Development/code/phase-5/Travel-Agency/server/app.py:202]
2024-08-12 13:49:05,087 INFO: Itinerary Mount Kenya Trek fetched [in /home/tracy/Development/code/phase-5/Travel-Agency/server/app.py:254]
2024-08-12 13:49:32,574 INFO: Itinerary Mount Kenya Trek fetched [in /home/tracy/Development/code/phase-5/Travel-Agency/server/app.py:254]
2024-08-12 13:49:32,605 INFO: Fetched all itineraries [in /home/tracy/Development/code/phase-5/Travel-Agency/server/app.py:202]
2024-08-12 13:50:32,156 INFO: Itinerary Safari and Beach Extravaganza fetched [in /home/tracy/Development/code/phase-5/Travel-Agency/server/app.py:254]
2024-08-12 13:53:47,150 INFO: Itinerary Safari and Beach Extravaganza fetched [in /home/tracy/Development/code/phase-5/Travel-Agency/server/app.py:254]
2024-08-12 13:53:50,558 INFO: Fetched all itineraries [in /home/tracy/Development/code/phase-5/Travel-Agency/server/app.py:202]
2024-08-12 13:53:57,909 INFO: Itinerary Safari and Beach Extravaganza fetched [in /home/tracy/Development/code/phase-5/Travel-Agency/server/app.py:254]
2024-08-12 13:54:51,154 INFO: Itinerary Safari and Beach Extravaganza fetched [in /home/tracy/Development/code/phase-5/Travel-Agency/server/app.py:254]
2024-08-12 13:54:56,871 INFO: Itinerary Safari and Beach Extravaganza fetched [in /home/tracy/Development/code/phase-5/Travel-Agency/server/app.py:254]
2024-08-12 13:55:46,284 INFO: Itinerary Safari and Beach Extravaganza fetched [in /home/tracy/Development/code/phase-5/Travel-Agency/server/app.py:254]
2024-08-12 13:55:46,381 INFO: Fetched all itineraries [in /home/tracy/Development/code/phase-5/Travel-Agency/server/app.py:202]
2024-08-12 13:57:25,590 INFO: Fetched all itineraries [in /home/tracy/Development/code/phase-5/Travel-Agency/server/app.py:202]
2024-08-12 13:57:29,075 INFO: Itinerary Safari and Beach Extravaganza fetched [in /home/tracy/Development/code/phase-5/Travel-Agency/server/app.py:254]
2024-08-12 13:57:39,736 INFO: Fetched all itineraries [in /home/tracy/Development/code/phase-5/Travel-Agency/server/app.py:202]
2024-08-12 13:57:41,547 INFO: Itinerary Mount Kenya Trek fetched [in /home/tracy/Development/code/phase-5/Travel-Agency/server/app.py:254]
2024-08-12 13:57:44,449 INFO: Fetched all itineraries [in /home/tracy/Development/code/phase-5/Travel-Agency/server/app.py:202]
2024-08-12 13:57:45,505 INFO: Itinerary Beach Getaway in Mombasa fetched [in /home/tracy/Development/code/phase-5/Travel-Agency/server/app.py:254]
2024-08-12 13:57:47,235 INFO: Fetched all itineraries [in /home/tracy/Development/code/phase-5/Travel-Agency/server/app.py:202]
2024-08-12 13:58:29,041 INFO: Fetched all itineraries [in /home/tracy/Development/code/phase-5/Travel-Agency/server/app.py:202]
2024-08-12 13:58:51,107 INFO: Fetched all bookings [in /home/tracy/Development/code/phase-5/Travel-Agency/server/app.py:328]
2024-08-12 13:59:02,360 INFO: Fetched all itineraries [in /home/tracy/Development/code/phase-5/Travel-Agency/server/app.py:202]
2024-08-12 14:01:36,700 INFO: Fetched all itineraries [in /home/tracy/Development/code/phase-5/Travel-Agency/server/app.py:202]
2024-08-12 14:07:38,794 INFO: Fetched all users [in /home/tracy/Development/code/phase-5/Travel-Agency/server/app.py:108]
2024-08-12 14:08:25,367 INFO: Fetched all users [in /home/tracy/Development/code/phase-5/Travel-Agency/server/app.py:108]
2024-08-12 14:08:27,850 INFO: Fetched all users [in /home/tracy/Development/code/phase-5/Travel-Agency/server/app.py:108]
2024-08-12 14:12:55,767 INFO: App startup [in /home/tracy/Development/code/phase-5/Travel-Agency/server/app.py:46]
2024-08-12 14:12:56,106 INFO: App startup [in /home/tracy/Development/code/phase-5/Travel-Agency/server/app.py:46]
2024-08-12 14:13:07,607 INFO: User Alice@gmail.com logged in successfully [in /home/tracy/Development/code/phase-5/Travel-Agency/server/app.py:63]
2024-08-12 14:13:11,957 INFO: Fetched all users [in /home/tracy/Development/code/phase-5/Travel-Agency/server/app.py:108]
2024-08-12 14:13:31,801 INFO: App startup [in /home/tracy/Development/code/phase-5/Travel-Agency/server/app.py:46]
2024-08-12 14:13:49,069 INFO: User Alice@gmail.com logged in successfully [in /home/tracy/Development/code/phase-5/Travel-Agency/server/app.py:63]
2024-08-12 14:13:52,225 INFO: Fetched all travel journals [in /home/tracy/Development/code/phase-5/Travel-Agency/server/app.py:404]
2024-08-12 14:13:54,444 INFO: Fetched all itineraries [in /home/tracy/Development/code/phase-5/Travel-Agency/server/app.py:202]
2024-08-12 14:13:57,404 INFO: Fetched all bookings [in /home/tracy/Development/code/phase-5/Travel-Agency/server/app.py:328]
2024-08-12 14:13:59,643 INFO: Fetched all itineraries [in /home/tracy/Development/code/phase-5/Travel-Agency/server/app.py:202]
2024-08-12 14:14:06,634 INFO: Fetched all users [in /home/tracy/Development/code/phase-5/Travel-Agency/server/app.py:108]
2024-08-12 14:14:26,293 INFO: Fetched all itineraries [in /home/tracy/Development/code/phase-5/Travel-Agency/server/app.py:202]
2024-08-12 14:16:27,084 INFO: Fetched all bookings [in /home/tracy/Development/code/phase-5/Travel-Agency/server/app.py:328]
2024-08-12 14:16:29,080 INFO: Fetched all itineraries [in /home/tracy/Development/code/phase-5/Travel-Agency/server/app.py:202]
2024-08-12 14:16:45,140 INFO: Fetched all bookings [in /home/tracy/Development/code/phase-5/Travel-Agency/server/app.py:328]
2024-08-12 14:19:52,578 INFO: Fetched all itineraries [in /home/tracy/Development/code/phase-5/Travel-Agency/server/app.py:202]
2024-08-12 14:19:55,154 INFO: Fetched all itineraries [in /home/tracy/Development/code/phase-5/Travel-Agency/server/app.py:202]
2024-08-12 14:20:53,376 INFO: Fetched all itineraries [in /home/tracy/Development/code/phase-5/Travel-Agency/server/app.py:202]
2024-08-12 14:20:54,834 INFO: Itinerary Nairobi Safari Adventure fetched [in /home/tracy/Development/code/phase-5/Travel-Agency/server/app.py:254]
